Analysis & Synthesis report for VHDL4_karim_elgammal
Fri Oct 28 20:08:32 2022
Quartus Prime Version 15.1.0 Build 185 10/21/2015 SJ Standard Edition


---------------------
; Table of Contents ;
---------------------
  1. Legal Notice
  2. Analysis & Synthesis Summary
  3. Analysis & Synthesis Settings
  4. Parallel Compilation
  5. Analysis & Synthesis Source Files Read
  6. Analysis & Synthesis Resource Usage Summary
  7. Analysis & Synthesis Resource Utilization by Entity
  8. General Register Statistics
  9. Port Connectivity Checks: "seven_segment_decoder:decode_overflow"
 10. Port Connectivity Checks: "bcd_adder_structural:bcd_adder|rca_structural:rca2"
 11. Post-Synthesis Netlist Statistics for Top Partition
 12. Elapsed Time Per Partition
 13. Analysis & Synthesis Messages



----------------
; Legal Notice ;
----------------
Copyright (C) 1991-2015 Altera Corporation. All rights reserved.
Your use of Altera Corporation's design tools, logic functions 
and other software and tools, and its AMPP partner logic 
functions, and any output files from any of the foregoing 
(including device programming or simulation files), and any 
associated documentation or information are expressly subject 
to the terms and conditions of the Altera Program License 
Subscription Agreement, the Altera Quartus Prime License Agreement,
the Altera MegaCore Function License Agreement, or other 
applicable license agreement, including, without limitation, 
that your use is for the sole purpose of programming logic 
devices manufactured by Altera and sold by Altera or its 
authorized distributors.  Please refer to the applicable 
agreement for further details.



+-----------------------------------------------------------------------------------+
; Analysis & Synthesis Summary                                                      ;
+---------------------------------+-------------------------------------------------+
; Analysis & Synthesis Status     ; Successful - Fri Oct 28 20:08:31 2022           ;
; Quartus Prime Version           ; 15.1.0 Build 185 10/21/2015 SJ Standard Edition ;
; Revision Name                   ; VHDL4_karim_elgammal                            ;
; Top-level Entity Name           ; karim_elgammal_wrapper                          ;
; Family                          ; Cyclone V                                       ;
; Logic utilization (in ALMs)     ; N/A                                             ;
; Total registers                 ; 0                                               ;
; Total pins                      ; 36                                              ;
; Total virtual pins              ; 0                                               ;
; Total block memory bits         ; 0                                               ;
; Total DSP Blocks                ; 0                                               ;
; Total HSSI RX PCSs              ; 0                                               ;
; Total HSSI PMA RX Deserializers ; 0                                               ;
; Total HSSI TX PCSs              ; 0                                               ;
; Total HSSI PMA TX Serializers   ; 0                                               ;
; Total PLLs                      ; 0                                               ;
; Total DLLs                      ; 0                                               ;
+---------------------------------+-------------------------------------------------+


+---------------------------------------------------------------------------------------------------------------------------------+
; Analysis & Synthesis Settings                                                                                                   ;
+---------------------------------------------------------------------------------+------------------------+----------------------+
; Option                                                                          ; Setting                ; Default Value        ;
+---------------------------------------------------------------------------------+------------------------+----------------------+
; Device                                                                          ; 5CSEMA5F31C6           ;                      ;
; Top-level entity name                                                           ; karim_elgammal_wrapper ; VHDL4_karim_elgammal ;
; Family name                                                                     ; Cyclone V              ; Cyclone V            ;
; Use smart compilation                                                           ; Off                    ; Off                  ;
; Enable parallel Assembler and TimeQuest Timing Analyzer during compilation      ; On                     ; On                   ;
; Enable compact report table                                                     ; Off                    ; Off                  ;
; Restructure Multiplexers                                                        ; Auto                   ; Auto                 ;
; MLAB Add Timing Constraints For Mixed-Port Feed-Through Mode Setting Don't Care ; Off                    ; Off                  ;
; Create Debugging Nodes for IP Cores                                             ; Off                    ; Off                  ;
; Preserve fewer node names                                                       ; On                     ; On                   ;
; Disable OpenCore Plus hardware evaluation                                       ; Off                    ; Off                  ;
; Verilog Version                                                                 ; Verilog_2001           ; Verilog_2001         ;
; VHDL Version                                                                    ; VHDL_1993              ; VHDL_1993            ;
; State Machine Processing                                                        ; Auto                   ; Auto                 ;
; Safe State Machine                                                              ; Off                    ; Off                  ;
; Extract Verilog State Machines                                                  ; On                     ; On                   ;
; Extract VHDL State Machines                                                     ; On                     ; On                   ;
; Ignore Verilog initial constructs                                               ; Off                    ; Off                  ;
; Iteration limit for constant Verilog loops                                      ; 5000                   ; 5000                 ;
; Iteration limit for non-constant Verilog loops                                  ; 250                    ; 250                  ;
; Add Pass-Through Logic to Inferred RAMs                                         ; On                     ; On                   ;
; Infer RAMs from Raw Logic                                                       ; On                     ; On                   ;
; Parallel Synthesis                                                              ; On                     ; On                   ;
; DSP Block Balancing                                                             ; Auto                   ; Auto                 ;
; NOT Gate Push-Back                                                              ; On                     ; On                   ;
; Power-Up Don't Care                                                             ; On                     ; On                   ;
; Remove Redundant Logic Cells                                                    ; Off                    ; Off                  ;
; Remove Duplicate Registers                                                      ; On                     ; On                   ;
; Ignore CARRY Buffers                                                            ; Off                    ; Off                  ;
; Ignore CASCADE Buffers                                                          ; Off                    ; Off                  ;
; Ignore GLOBAL Buffers                                                           ; Off                    ; Off                  ;
; Ignore ROW GLOBAL Buffers                                                       ; Off                    ; Off                  ;
; Ignore LCELL Buffers                                                            ; Off                    ; Off                  ;
; Ignore SOFT Buffers                                                             ; On                     ; On                   ;
; Limit AHDL Integers to 32 Bits                                                  ; Off                    ; Off                  ;
; Optimization Technique                                                          ; Balanced               ; Balanced             ;
; Carry Chain Length                                                              ; 70                     ; 70                   ;
; Auto Carry Chains                                                               ; On                     ; On                   ;
; Auto Open-Drain Pins                                                            ; On                     ; On                   ;
; Perform WYSIWYG Primitive Resynthesis                                           ; Off                    ; Off                  ;
; Auto ROM Replacement                                                            ; On                     ; On                   ;
; Auto RAM Replacement                                                            ; On                     ; On                   ;
; Auto DSP Block Replacement                                                      ; On                     ; On                   ;
; Auto Shift Register Replacement                                                 ; Auto                   ; Auto                 ;
; Allow Shift Register Merging across Hierarchies                                 ; Auto                   ; Auto                 ;
; Auto Clock Enable Replacement                                                   ; On                     ; On                   ;
; Strict RAM Replacement                                                          ; Off                    ; Off                  ;
; Allow Synchronous Control Signals                                               ; On                     ; On                   ;
; Force Use of Synchronous Clear Signals                                          ; Off                    ; Off                  ;
; Auto Resource Sharing                                                           ; Off                    ; Off                  ;
; Allow Any RAM Size For Recognition                                              ; Off                    ; Off                  ;
; Allow Any ROM Size For Recognition                                              ; Off                    ; Off                  ;
; Allow Any Shift Register Size For Recognition                                   ; Off                    ; Off                  ;
; Use LogicLock Constraints during Resource Balancing                             ; On                     ; On                   ;
; Ignore translate_off and synthesis_off directives                               ; Off                    ; Off                  ;
; Timing-Driven Synthesis                                                         ; On                     ; On                   ;
; Report Parameter Settings                                                       ; On                     ; On                   ;
; Report Source Assignments                                                       ; On                     ; On                   ;
; Report Connectivity Checks                                                      ; On                     ; On                   ;
; Ignore Maximum Fan-Out Assignments                                              ; Off                    ; Off                  ;
; Synchronization Register Chain Length                                           ; 3                      ; 3                    ;
; PowerPlay Power Optimization During Synthesis                                   ; Normal compilation     ; Normal compilation   ;
; HDL message level                                                               ; Level2                 ; Level2               ;
; Suppress Register Optimization Related Messages                                 ; Off                    ; Off                  ;
; Number of Removed Registers Reported in Synthesis Report                        ; 5000                   ; 5000                 ;
; Number of Swept Nodes Reported in Synthesis Report                              ; 5000                   ; 5000                 ;
; Number of Inverted Registers Reported in Synthesis Report                       ; 100                    ; 100                  ;
; Clock MUX Protection                                                            ; On                     ; On                   ;
; Auto Gated Clock Conversion                                                     ; Off                    ; Off                  ;
; Block Design Naming                                                             ; Auto                   ; Auto                 ;
; SDC constraint protection                                                       ; Off                    ; Off                  ;
; Synthesis Effort                                                                ; Auto                   ; Auto                 ;
; Shift Register Replacement - Allow Asynchronous Clear Signal                    ; On                     ; On                   ;
; Pre-Mapping Resynthesis Optimization                                            ; Off                    ; Off                  ;
; Analysis & Synthesis Message Level                                              ; Medium                 ; Medium               ;
; Disable Register Merging Across Hierarchies                                     ; Auto                   ; Auto                 ;
; Resource Aware Inference For Block RAM                                          ; On                     ; On                   ;
; Synthesis Seed                                                                  ; 1                      ; 1                    ;
; Automatic Parallel Synthesis                                                    ; On                     ; On                   ;
; Partial Reconfiguration Bitstream ID                                            ; Off                    ; Off                  ;
+---------------------------------------------------------------------------------+------------------------+----------------------+


+------------------------------------------+
; Parallel Compilation                     ;
+----------------------------+-------------+
; Processors                 ; Number      ;
+----------------------------+-------------+
; Number detected on machine ; 8           ;
; Maximum allowed            ; 8           ;
;                            ;             ;
; Average used               ; 1.00        ;
; Maximum used               ; 1           ;
;                            ;             ;
; Usage by Processor         ; % Time Used ;
;     Processor 1            ; 100.0%      ;
+----------------------------+-------------+


+-------------------------------------------------------------------------------------------------------------------------------------+
; Analysis & Synthesis Source Files Read                                                                                              ;
+----------------------------------+-----------------+-----------------+----------------------------------------------------+---------+
; File Name with User-Entered Path ; Used in Netlist ; File Type       ; File Name with Absolute Path                       ; Library ;
+----------------------------------+-----------------+-----------------+----------------------------------------------------+---------+
; bcd_adder_structural.vhd         ; yes             ; User VHDL File  ; H:/VHDL4_karim_elgammal/bcd_adder_structural.vhd   ;         ;
; karim_elgammal_wrapper.vhd       ; yes             ; User VHDL File  ; H:/VHDL4_karim_elgammal/karim_elgammal_wrapper.vhd ;         ;
+----------------------------------+-----------------+-----------------+----------------------------------------------------+---------+


+----------------------------------------------------------+
; Analysis & Synthesis Resource Usage Summary              ;
+---------------------------------------------+------------+
; Resource                                    ; Usage      ;
+---------------------------------------------+------------+
; Estimate of Logic utilization (ALMs needed) ; 17         ;
;                                             ;            ;
; Combinational ALUT usage for logic          ; 30         ;
;     -- 7 input functions                    ; 0          ;
;     -- 6 input functions                    ; 3          ;
;     -- 5 input functions                    ; 1          ;
;     -- 4 input functions                    ; 25         ;
;     -- <=3 input functions                  ; 1          ;
;                                             ;            ;
; Dedicated logic registers                   ; 0          ;
;                                             ;            ;
; I/O pins                                    ; 36         ;
;                                             ;            ;
; Total DSP Blocks                            ; 0          ;
;                                             ;            ;
; Maximum fan-out node                        ; A[0]~input ;
; Maximum fan-out                             ; 12         ;
; Total fan-out                               ; 186        ;
; Average fan-out                             ; 1.82       ;
+---------------------------------------------+------------+


+----------------------------------------------------------------------------------------------------------------------------------------------------------------------------------------------------------------------------------------------------------------+
; Analysis & Synthesis Resource Utilization by Entity                                                                                                                                                                                                            ;
+---------------------------------------+-------------------+--------------+-------------------+------------+------+--------------+---------------------------------------------------------------------------------------------------------------+--------------+
; Compilation Hierarchy Node            ; LC Combinationals ; LC Registers ; Block Memory Bits ; DSP Blocks ; Pins ; Virtual Pins ; Full Hierarchy Name                                                                                           ; Library Name ;
+---------------------------------------+-------------------+--------------+-------------------+------------+------+--------------+---------------------------------------------------------------------------------------------------------------+--------------+
; |karim_elgammal_wrapper               ; 30 (0)            ; 0 (0)        ; 0                 ; 0          ; 36   ; 0            ; |karim_elgammal_wrapper                                                                                       ; work         ;
;    |bcd_adder_structural:bcd_adder|   ; 9 (2)             ; 0 (0)        ; 0                 ; 0          ; 0    ; 0            ; |karim_elgammal_wrapper|bcd_adder_structural:bcd_adder                                                        ; work         ;
;       |rca_structural:rca1|           ; 4 (0)             ; 0 (0)        ; 0                 ; 0          ; 0    ; 0            ; |karim_elgammal_wrapper|bcd_adder_structural:bcd_adder|rca_structural:rca1                                    ; work         ;
;          |full_adder:adder_1|         ; 2 (1)             ; 0 (0)        ; 0                 ; 0          ; 0    ; 0            ; |karim_elgammal_wrapper|bcd_adder_structural:bcd_adder|rca_structural:rca1|full_adder:adder_1                 ; work         ;
;             |half_adder:ha_1|         ; 1 (1)             ; 0 (0)        ; 0                 ; 0          ; 0    ; 0            ; |karim_elgammal_wrapper|bcd_adder_structural:bcd_adder|rca_structural:rca1|full_adder:adder_1|half_adder:ha_1 ; work         ;
;          |full_adder:adder_2|         ; 1 (1)             ; 0 (0)        ; 0                 ; 0          ; 0    ; 0            ; |karim_elgammal_wrapper|bcd_adder_structural:bcd_adder|rca_structural:rca1|full_adder:adder_2                 ; work         ;
;          |half_adder:adder_0|         ; 1 (1)             ; 0 (0)        ; 0                 ; 0          ; 0    ; 0            ; |karim_elgammal_wrapper|bcd_adder_structural:bcd_adder|rca_structural:rca1|half_adder:adder_0                 ; work         ;
;       |rca_structural:rca2|           ; 3 (0)             ; 0 (0)        ; 0                 ; 0          ; 0    ; 0            ; |karim_elgammal_wrapper|bcd_adder_structural:bcd_adder|rca_structural:rca2                                    ; work         ;
;          |full_adder:adder_1|         ; 1 (0)             ; 0 (0)        ; 0                 ; 0          ; 0    ; 0            ; |karim_elgammal_wrapper|bcd_adder_structural:bcd_adder|rca_structural:rca2|full_adder:adder_1                 ; work         ;
;             |half_adder:ha_0|         ; 1 (1)             ; 0 (0)        ; 0                 ; 0          ; 0    ; 0            ; |karim_elgammal_wrapper|bcd_adder_structural:bcd_adder|rca_structural:rca2|full_adder:adder_1|half_adder:ha_0 ; work         ;
;          |full_adder:adder_2|         ; 1 (0)             ; 0 (0)        ; 0                 ; 0          ; 0    ; 0            ; |karim_elgammal_wrapper|bcd_adder_structural:bcd_adder|rca_structural:rca2|full_adder:adder_2                 ; work         ;
;             |half_adder:ha_1|         ; 1 (1)             ; 0 (0)        ; 0                 ; 0          ; 0    ; 0            ; |karim_elgammal_wrapper|bcd_adder_structural:bcd_adder|rca_structural:rca2|full_adder:adder_2|half_adder:ha_1 ; work         ;
;          |full_adder:adder_3|         ; 1 (0)             ; 0 (0)        ; 0                 ; 0          ; 0    ; 0            ; |karim_elgammal_wrapper|bcd_adder_structural:bcd_adder|rca_structural:rca2|full_adder:adder_3                 ; work         ;
;             |half_adder:ha_1|         ; 1 (1)             ; 0 (0)        ; 0                 ; 0          ; 0    ; 0            ; |karim_elgammal_wrapper|bcd_adder_structural:bcd_adder|rca_structural:rca2|full_adder:adder_3|half_adder:ha_1 ; work         ;
;    |seven_segment_decoder:decode_a|   ; 7 (7)             ; 0 (0)        ; 0                 ; 0          ; 0    ; 0            ; |karim_elgammal_wrapper|seven_segment_decoder:decode_a                                                        ; work         ;
;    |seven_segment_decoder:decode_b|   ; 7 (7)             ; 0 (0)        ; 0                 ; 0          ; 0    ; 0            ; |karim_elgammal_wrapper|seven_segment_decoder:decode_b                                                        ; work         ;
;    |seven_segment_decoder:decode_sum| ; 7 (7)             ; 0 (0)        ; 0                 ; 0          ; 0    ; 0            ; |karim_elgammal_wrapper|seven_segment_decoder:decode_sum                                                      ; work         ;
+---------------------------------------+-------------------+--------------+-------------------+------------+------+--------------+---------------------------------------------------------------------------------------------------------------+--------------+
Note: For table entries with two numbers listed, the numbers in parentheses indicate the number of resources of the given type used by the specific entity alone. The numbers listed outside of parentheses indicate the total resources of the given type used by the specific entity and all of its sub-entities in the hierarchy.


+------------------------------------------------------+
; General Register Statistics                          ;
+----------------------------------------------+-------+
; Statistic                                    ; Value ;
+----------------------------------------------+-------+
; Total registers                              ; 0     ;
; Number of registers using Synchronous Clear  ; 0     ;
; Number of registers using Synchronous Load   ; 0     ;
; Number of registers using Asynchronous Clear ; 0     ;
; Number of registers using Asynchronous Load  ; 0     ;
; Number of registers using Clock Enable       ; 0     ;
; Number of registers using Preset             ; 0     ;
+----------------------------------------------+-------+


+-------------------------------------------------------------------+
; Port Connectivity Checks: "seven_segment_decoder:decode_overflow" ;
+------------+-------+----------+-----------------------------------+
; Port       ; Type  ; Severity ; Details                           ;
+------------+-------+----------+-----------------------------------+
; code[3..1] ; Input ; Info     ; Stuck at GND                      ;
+------------+-------+----------+-----------------------------------+


+----------------------------------------------------------------------------------------------------------------+
; Port Connectivity Checks: "bcd_adder_structural:bcd_adder|rca_structural:rca2"                                 ;
+------+--------+----------+-------------------------------------------------------------------------------------+
; Port ; Type   ; Severity ; Details                                                                             ;
+------+--------+----------+-------------------------------------------------------------------------------------+
; b[3] ; Input  ; Info     ; Stuck at GND                                                                        ;
; b[0] ; Input  ; Info     ; Stuck at GND                                                                        ;
; s[4] ; Output ; Info     ; Connected to dangling logic. Logic that only feeds a dangling port will be removed. ;
+------+--------+----------+-------------------------------------------------------------------------------------+


+-----------------------------------------------------+
; Post-Synthesis Netlist Statistics for Top Partition ;
+-----------------------+-----------------------------+
; Type                  ; Count                       ;
+-----------------------+-----------------------------+
; arriav_lcell_comb     ; 35                          ;
;     normal            ; 35                          ;
;         0 data inputs ; 2                           ;
;         1 data inputs ; 3                           ;
;         2 data inputs ; 1                           ;
;         4 data inputs ; 25                          ;
;         5 data inputs ; 1                           ;
;         6 data inputs ; 3                           ;
; boundary_port         ; 36                          ;
;                       ;                             ;
; Max LUT depth         ; 4.00                        ;
; Average LUT depth     ; 2.53                        ;
+-----------------------+-----------------------------+


+-------------------------------+
; Elapsed Time Per Partition    ;
+----------------+--------------+
; Partition Name ; Elapsed Time ;
+----------------+--------------+
; Top            ; 00:00:00     ;
+----------------+--------------+


+-------------------------------+
; Analysis & Synthesis Messages ;
+-------------------------------+
Info: *******************************************************************
Info: Running Quartus Prime Analysis & Synthesis
    Info: Version 15.1.0 Build 185 10/21/2015 SJ Standard Edition
    Info: Processing started: Fri Oct 28 20:08:06 2022
Info: Command: quartus_map --read_settings_files=on --write_settings_files=off VHDL4_karim_elgammal -c VHDL4_karim_elgammal
Info (20030): Parallel compilation is enabled and will use 8 of the 8 processors detected
Info (12021): Found 2 design units, including 1 entities, in source file rca_behavioral.vhd
    Info (12022): Found design unit 1: rca_behavioral-behRCA File: H:/VHDL4_karim_elgammal/rca_behavioral.vhd Line: 12
    Info (12023): Found entity 1: rca_behavioral File: H:/VHDL4_karim_elgammal/rca_behavioral.vhd Line: 5
Info (12021): Found 8 design units, including 4 entities, in source file bcd_adder_structural.vhd
    Info (12022): Found design unit 1: half_adder-strucHA File: H:/VHDL4_karim_elgammal/bcd_adder_structural.vhd Line: 12
    Info (12022): Found design unit 2: full_adder-strucFA File: H:/VHDL4_karim_elgammal/bcd_adder_structural.vhd Line: 33
    Info (12022): Found design unit 3: rca_structural-strucRCA File: H:/VHDL4_karim_elgammal/bcd_adder_structural.vhd Line: 72
    Info (12022): Found design unit 4: bcd_adder_structural-strucBCD File: H:/VHDL4_karim_elgammal/bcd_adder_structural.vhd Line: 131
    Info (12023): Found entity 1: half_adder File: H:/VHDL4_karim_elgammal/bcd_adder_structural.vhd Line: 5
    Info (12023): Found entity 2: full_adder File: H:/VHDL4_karim_elgammal/bcd_adder_structural.vhd Line: 25
    Info (12023): Found entity 3: rca_structural File: H:/VHDL4_karim_elgammal/bcd_adder_structural.vhd Line: 66
    Info (12023): Found entity 4: bcd_adder_structural File: H:/VHDL4_karim_elgammal/bcd_adder_structural.vhd Line: 123
Info (12021): Found 4 design units, including 2 entities, in source file karim_elgammal_wrapper.vhd
    Info (12022): Found design unit 1: seven_segment_decoder-decoder File: H:/VHDL4_karim_elgammal/karim_elgammal_wrapper.vhd Line: 12
    Info (12022): Found design unit 2: karim_elgammal_wrapper-wrapper File: H:/VHDL4_karim_elgammal/karim_elgammal_wrapper.vhd Line: 46
    Info (12023): Found entity 1: seven_segment_decoder File: H:/VHDL4_karim_elgammal/karim_elgammal_wrapper.vhd Line: 5
    Info (12023): Found entity 2: karim_elgammal_wrapper File: H:/VHDL4_karim_elgammal/karim_elgammal_wrapper.vhd Line: 38
Info (12127): Elaborating entity "karim_elgammal_wrapper" for the top level hierarchy
Info (12128): Elaborating entity "seven_segment_decoder" for hierarchy "seven_segment_decoder:decode_a" File: H:/VHDL4_karim_elgammal/karim_elgammal_wrapper.vhd Line: 68
Info (12128): Elaborating entity "bcd_adder_structural" for hierarchy "bcd_adder_structural:bcd_adder" File: H:/VHDL4_karim_elgammal/karim_elgammal_wrapper.vhd Line: 75
Warning (10036): Verilog HDL or VHDL warning at bcd_adder_structural.vhd(139): object "placeholder" assigned a value but never read File: H:/VHDL4_karim_elgammal/bcd_adder_structural.vhd Line: 139
Info (12128): Elaborating entity "rca_structural" for hierarchy "bcd_adder_structural:bcd_adder|rca_structural:rca1" File: H:/VHDL4_karim_elgammal/bcd_adder_structural.vhd Line: 146
Info (12128): Elaborating entity "half_adder" for hierarchy "bcd_adder_structural:bcd_adder|rca_structural:rca1|half_adder:adder_0" File: H:/VHDL4_karim_elgammal/bcd_adder_structural.vhd Line: 92
Info (12128): Elaborating entity "full_adder" for hierarchy "bcd_adder_structural:bcd_adder|rca_structural:rca1|full_adder:adder_1" File: H:/VHDL4_karim_elgammal/bcd_adder_structural.vhd Line: 97
Warning (13024): Output pins are stuck at VCC or GND
    Warning (13410): Pin "decoded_A_plus_B[8]" is stuck at GND File: H:/VHDL4_karim_elgammal/karim_elgammal_wrapper.vhd Line: 42
    Warning (13410): Pin "decoded_A_plus_B[9]" is stuck at GND File: H:/VHDL4_karim_elgammal/karim_elgammal_wrapper.vhd Line: 42
    Warning (13410): Pin "decoded_A_plus_B[13]" is stuck at VCC File: H:/VHDL4_karim_elgammal/karim_elgammal_wrapper.vhd Line: 42
Info (286030): Timing-Driven Synthesis is running
Info (16010): Generating hard_block partition "hard_block:auto_generated_inst"
    Info (16011): Adding 0 node(s), including 0 DDIO, 0 PLL, 0 transceiver and 0 LCELL
Info (21057): Implemented 66 device resources after synthesis - the final resource count might be different
    Info (21058): Implemented 8 input pins
    Info (21059): Implemented 28 output pins
    Info (21061): Implemented 30 logic cells
Info: Quartus Prime Analysis & Synthesis was successful. 0 errors, 5 warnings
    Info: Peak virtual memory: 5059 megabytes
    Info: Processing ended: Fri Oct 28 20:08:32 2022
    Info: Elapsed time: 00:00:26
    Info: Total CPU time (on all processors): 00:00:16


