Analysis & Synthesis report for karim_elgammal_comparator
Thu Dec 01 22:37:09 2022
Quartus Prime Version 15.1.0 Build 185 10/21/2015 SJ Standard Edition


---------------------
; Table of Contents ;
---------------------
  1. Legal Notice
  2. Analysis & Synthesis Summary
  3. Analysis & Synthesis Settings
  4. Parallel Compilation
  5. Analysis & Synthesis Source Files Read
  6. Analysis & Synthesis Resource Usage Summary
  7. Analysis & Synthesis Resource Utilization by Entity
  8. State Machine - |karim_elgammal_wrapper|karim_elgammal_sequence_detector:seqcounter|karim_elgammal_FSM:seq_detect|karim_elgammal_miniFSM2:miniFSM2|currentState
  9. State Machine - |karim_elgammal_wrapper|karim_elgammal_sequence_detector:seqcounter|karim_elgammal_FSM:seq_detect|karim_elgammal_miniFSM:miniFSM1|currentState
 10. Registers Removed During Synthesis
 11. General Register Statistics
 12. Inverted Register Statistics
 13. Post-Synthesis Netlist Statistics for Top Partition
 14. Elapsed Time Per Partition
 15. Analysis & Synthesis Messages



----------------
; Legal Notice ;
----------------
Copyright (C) 1991-2015 Altera Corporation. All rights reserved.
Your use of Altera Corporation's design tools, logic functions 
and other software and tools, and its AMPP partner logic 
functions, and any output files from any of the foregoing 
(including device programming or simulation files), and any 
associated documentation or information are expressly subject 
to the terms and conditions of the Altera Program License 
Subscription Agreement, the Altera Quartus Prime License Agreement,
the Altera MegaCore Function License Agreement, or other 
applicable license agreement, including, without limitation, 
that your use is for the sole purpose of programming logic 
devices manufactured by Altera and sold by Altera or its 
authorized distributors.  Please refer to the applicable 
agreement for further details.



+-----------------------------------------------------------------------------------+
; Analysis & Synthesis Summary                                                      ;
+---------------------------------+-------------------------------------------------+
; Analysis & Synthesis Status     ; Successful - Thu Dec 01 22:37:09 2022           ;
; Quartus Prime Version           ; 15.1.0 Build 185 10/21/2015 SJ Standard Edition ;
; Revision Name                   ; karim_elgammal_comparator                       ;
; Top-level Entity Name           ; karim_elgammal_wrapper                          ;
; Family                          ; Cyclone V                                       ;
; Logic utilization (in ALMs)     ; N/A                                             ;
; Total registers                 ; 49                                              ;
; Total pins                      ; 17                                              ;
; Total virtual pins              ; 0                                               ;
; Total block memory bits         ; 0                                               ;
; Total DSP Blocks                ; 0                                               ;
; Total HSSI RX PCSs              ; 0                                               ;
; Total HSSI PMA RX Deserializers ; 0                                               ;
; Total HSSI TX PCSs              ; 0                                               ;
; Total HSSI PMA TX Serializers   ; 0                                               ;
; Total PLLs                      ; 0                                               ;
; Total DLLs                      ; 0                                               ;
+---------------------------------+-------------------------------------------------+


+--------------------------------------------------------------------------------------------------------------------------------------+
; Analysis & Synthesis Settings                                                                                                        ;
+---------------------------------------------------------------------------------+------------------------+---------------------------+
; Option                                                                          ; Setting                ; Default Value             ;
+---------------------------------------------------------------------------------+------------------------+---------------------------+
; Device                                                                          ; 5CSEMA5F31C6           ;                           ;
; Top-level entity name                                                           ; karim_elgammal_wrapper ; karim_elgammal_comparator ;
; Family name                                                                     ; Cyclone V              ; Cyclone V                 ;
; Use smart compilation                                                           ; Off                    ; Off                       ;
; Enable parallel Assembler and TimeQuest Timing Analyzer during compilation      ; On                     ; On                        ;
; Enable compact report table                                                     ; Off                    ; Off                       ;
; Restructure Multiplexers                                                        ; Auto                   ; Auto                      ;
; MLAB Add Timing Constraints For Mixed-Port Feed-Through Mode Setting Don't Care ; Off                    ; Off                       ;
; Create Debugging Nodes for IP Cores                                             ; Off                    ; Off                       ;
; Preserve fewer node names                                                       ; On                     ; On                        ;
; Disable OpenCore Plus hardware evaluation                                       ; Off                    ; Off                       ;
; Verilog Version                                                                 ; Verilog_2001           ; Verilog_2001              ;
; VHDL Version                                                                    ; VHDL_1993              ; VHDL_1993                 ;
; State Machine Processing                                                        ; Auto                   ; Auto                      ;
; Safe State Machine                                                              ; Off                    ; Off                       ;
; Extract Verilog State Machines                                                  ; On                     ; On                        ;
; Extract VHDL State Machines                                                     ; On                     ; On                        ;
; Ignore Verilog initial constructs                                               ; Off                    ; Off                       ;
; Iteration limit for constant Verilog loops                                      ; 5000                   ; 5000                      ;
; Iteration limit for non-constant Verilog loops                                  ; 250                    ; 250                       ;
; Add Pass-Through Logic to Inferred RAMs                                         ; On                     ; On                        ;
; Infer RAMs from Raw Logic                                                       ; On                     ; On                        ;
; Parallel Synthesis                                                              ; On                     ; On                        ;
; DSP Block Balancing                                                             ; Auto                   ; Auto                      ;
; NOT Gate Push-Back                                                              ; On                     ; On                        ;
; Power-Up Don't Care                                                             ; On                     ; On                        ;
; Remove Redundant Logic Cells                                                    ; Off                    ; Off                       ;
; Remove Duplicate Registers                                                      ; On                     ; On                        ;
; Ignore CARRY Buffers                                                            ; Off                    ; Off                       ;
; Ignore CASCADE Buffers                                                          ; Off                    ; Off                       ;
; Ignore GLOBAL Buffers                                                           ; Off                    ; Off                       ;
; Ignore ROW GLOBAL Buffers                                                       ; Off                    ; Off                       ;
; Ignore LCELL Buffers                                                            ; Off                    ; Off                       ;
; Ignore SOFT Buffers                                                             ; On                     ; On                        ;
; Limit AHDL Integers to 32 Bits                                                  ; Off                    ; Off                       ;
; Optimization Technique                                                          ; Balanced               ; Balanced                  ;
; Carry Chain Length                                                              ; 70                     ; 70                        ;
; Auto Carry Chains                                                               ; On                     ; On                        ;
; Auto Open-Drain Pins                                                            ; On                     ; On                        ;
; Perform WYSIWYG Primitive Resynthesis                                           ; Off                    ; Off                       ;
; Auto ROM Replacement                                                            ; On                     ; On                        ;
; Auto RAM Replacement                                                            ; On                     ; On                        ;
; Auto DSP Block Replacement                                                      ; On                     ; On                        ;
; Auto Shift Register Replacement                                                 ; Auto                   ; Auto                      ;
; Allow Shift Register Merging across Hierarchies                                 ; Auto                   ; Auto                      ;
; Auto Clock Enable Replacement                                                   ; On                     ; On                        ;
; Strict RAM Replacement                                                          ; Off                    ; Off                       ;
; Allow Synchronous Control Signals                                               ; On                     ; On                        ;
; Force Use of Synchronous Clear Signals                                          ; Off                    ; Off                       ;
; Auto Resource Sharing                                                           ; Off                    ; Off                       ;
; Allow Any RAM Size For Recognition                                              ; Off                    ; Off                       ;
; Allow Any ROM Size For Recognition                                              ; Off                    ; Off                       ;
; Allow Any Shift Register Size For Recognition                                   ; Off                    ; Off                       ;
; Use LogicLock Constraints during Resource Balancing                             ; On                     ; On                        ;
; Ignore translate_off and synthesis_off directives                               ; Off                    ; Off                       ;
; Timing-Driven Synthesis                                                         ; On                     ; On                        ;
; Report Parameter Settings                                                       ; On                     ; On                        ;
; Report Source Assignments                                                       ; On                     ; On                        ;
; Report Connectivity Checks                                                      ; On                     ; On                        ;
; Ignore Maximum Fan-Out Assignments                                              ; Off                    ; Off                       ;
; Synchronization Register Chain Length                                           ; 3                      ; 3                         ;
; PowerPlay Power Optimization During Synthesis                                   ; Normal compilation     ; Normal compilation        ;
; HDL message level                                                               ; Level2                 ; Level2                    ;
; Suppress Register Optimization Related Messages                                 ; Off                    ; Off                       ;
; Number of Removed Registers Reported in Synthesis Report                        ; 5000                   ; 5000                      ;
; Number of Swept Nodes Reported in Synthesis Report                              ; 5000                   ; 5000                      ;
; Number of Inverted Registers Reported in Synthesis Report                       ; 100                    ; 100                       ;
; Clock MUX Protection                                                            ; On                     ; On                        ;
; Auto Gated Clock Conversion                                                     ; Off                    ; Off                       ;
; Block Design Naming                                                             ; Auto                   ; Auto                      ;
; SDC constraint protection                                                       ; Off                    ; Off                       ;
; Synthesis Effort                                                                ; Auto                   ; Auto                      ;
; Shift Register Replacement - Allow Asynchronous Clear Signal                    ; On                     ; On                        ;
; Pre-Mapping Resynthesis Optimization                                            ; Off                    ; Off                       ;
; Analysis & Synthesis Message Level                                              ; Medium                 ; Medium                    ;
; Disable Register Merging Across Hierarchies                                     ; Auto                   ; Auto                      ;
; Resource Aware Inference For Block RAM                                          ; On                     ; On                        ;
; Synthesis Seed                                                                  ; 1                      ; 1                         ;
; Automatic Parallel Synthesis                                                    ; On                     ; On                        ;
; Partial Reconfiguration Bitstream ID                                            ; Off                    ; Off                       ;
+---------------------------------------------------------------------------------+------------------------+---------------------------+


+------------------------------------------+
; Parallel Compilation                     ;
+----------------------------+-------------+
; Processors                 ; Number      ;
+----------------------------+-------------+
; Number detected on machine ; 8           ;
; Maximum allowed            ; 8           ;
;                            ;             ;
; Average used               ; 1.00        ;
; Maximum used               ; 8           ;
;                            ;             ;
; Usage by Processor         ; % Time Used ;
;     Processor 1            ; 100.0%      ;
;     Processors 2-8         ; < 0.1%      ;
+----------------------------+-------------+


+---------------------------------------------------------------------------------------------------------------------------------------------------+
; Analysis & Synthesis Source Files Read                                                                                                            ;
+--------------------------------------+-----------------+-----------------+--------------------------------------------------------------+---------+
; File Name with User-Entered Path     ; Used in Netlist ; File Type       ; File Name with Absolute Path                                 ; Library ;
+--------------------------------------+-----------------+-----------------+--------------------------------------------------------------+---------+
; karim_elgammal_counter.vhd           ; yes             ; User VHDL File  ; H:/vhdl5_karim_elgammal/karim_elgammal_counter.vhd           ;         ;
; karim_elgammal_clock_divider.vhd     ; yes             ; User VHDL File  ; H:/vhdl5_karim_elgammal/karim_elgammal_clock_divider.vhd     ;         ;
; karim_elgammal_wrapper.vhd           ; yes             ; User VHDL File  ; H:/vhdl5_karim_elgammal/karim_elgammal_wrapper.vhd           ;         ;
; karim_elgammal_miniFSM.vhd           ; yes             ; User VHDL File  ; H:/vhdl5_karim_elgammal/karim_elgammal_miniFSM.vhd           ;         ;
; karim_elgammal_miniFSM2.vhd          ; yes             ; User VHDL File  ; H:/vhdl5_karim_elgammal/karim_elgammal_miniFSM2.vhd          ;         ;
; karim_elgammal_FSM.vhd               ; yes             ; User VHDL File  ; H:/vhdl5_karim_elgammal/karim_elgammal_FSM.vhd               ;         ;
; karim_elgammal_sequence_detector.vhd ; yes             ; User VHDL File  ; H:/vhdl5_karim_elgammal/karim_elgammal_sequence_detector.vhd ;         ;
; ROM.vhd                              ; yes             ; User VHDL File  ; H:/vhdl5_karim_elgammal/ROM.vhd                              ;         ;
+--------------------------------------+-----------------+-----------------+--------------------------------------------------------------+---------+


+-----------------------------------------------------------+
; Analysis & Synthesis Resource Usage Summary               ;
+---------------------------------------------+-------------+
; Resource                                    ; Usage       ;
+---------------------------------------------+-------------+
; Estimate of Logic utilization (ALMs needed) ; 51          ;
;                                             ;             ;
; Combinational ALUT usage for logic          ; 91          ;
;     -- 7 input functions                    ; 0           ;
;     -- 6 input functions                    ; 10          ;
;     -- 5 input functions                    ; 0           ;
;     -- 4 input functions                    ; 4           ;
;     -- <=3 input functions                  ; 77          ;
;                                             ;             ;
; Dedicated logic registers                   ; 49          ;
;                                             ;             ;
; I/O pins                                    ; 17          ;
;                                             ;             ;
; Total DSP Blocks                            ; 0           ;
;                                             ;             ;
; Maximum fan-out node                        ; reset~input ;
; Maximum fan-out                             ; 49          ;
; Total fan-out                               ; 447         ;
; Average fan-out                             ; 2.57        ;
+---------------------------------------------+-------------+


+------------------------------------------------------------------------------------------------------------------------------------------------------------------------------------------------------------------------------------------------------------------------------------------------+
; Analysis & Synthesis Resource Utilization by Entity                                                                                                                                                                                                                                            ;
+--------------------------------------------------+-------------------+--------------+-------------------+------------+------+--------------+------------------------------------------------------------------------------------------------------------------------------------+--------------+
; Compilation Hierarchy Node                       ; LC Combinationals ; LC Registers ; Block Memory Bits ; DSP Blocks ; Pins ; Virtual Pins ; Full Hierarchy Name                                                                                                                ; Library Name ;
+--------------------------------------------------+-------------------+--------------+-------------------+------------+------+--------------+------------------------------------------------------------------------------------------------------------------------------------+--------------+
; |karim_elgammal_wrapper                          ; 91 (0)            ; 49 (0)       ; 0                 ; 0          ; 17   ; 0            ; |karim_elgammal_wrapper                                                                                                            ; work         ;
;    |ROM:seqgen|                                  ; 13 (13)           ; 8 (8)        ; 0                 ; 0          ; 0    ; 0            ; |karim_elgammal_wrapper|ROM:seqgen                                                                                                 ; work         ;
;    |karim_elgammal_clock_divider:clk_div|        ; 49 (49)           ; 26 (26)      ; 0                 ; 0          ; 0    ; 0            ; |karim_elgammal_wrapper|karim_elgammal_clock_divider:clk_div                                                                       ; work         ;
;    |karim_elgammal_sequence_detector:seqcounter| ; 15 (0)            ; 15 (0)       ; 0                 ; 0          ; 0    ; 0            ; |karim_elgammal_wrapper|karim_elgammal_sequence_detector:seqcounter                                                                ; work         ;
;       |karim_elgammal_FSM:seq_detect|            ; 9 (0)             ; 9 (0)        ; 0                 ; 0          ; 0    ; 0            ; |karim_elgammal_wrapper|karim_elgammal_sequence_detector:seqcounter|karim_elgammal_FSM:seq_detect                                  ; work         ;
;          |karim_elgammal_miniFSM2:miniFSM2|      ; 5 (5)             ; 5 (5)        ; 0                 ; 0          ; 0    ; 0            ; |karim_elgammal_wrapper|karim_elgammal_sequence_detector:seqcounter|karim_elgammal_FSM:seq_detect|karim_elgammal_miniFSM2:miniFSM2 ; work         ;
;          |karim_elgammal_miniFSM:miniFSM1|       ; 4 (4)             ; 4 (4)        ; 0                 ; 0          ; 0    ; 0            ; |karim_elgammal_wrapper|karim_elgammal_sequence_detector:seqcounter|karim_elgammal_FSM:seq_detect|karim_elgammal_miniFSM:miniFSM1  ; work         ;
;       |karim_elgammal_counter:counter1|          ; 3 (0)             ; 3 (0)        ; 0                 ; 0          ; 0    ; 0            ; |karim_elgammal_wrapper|karim_elgammal_sequence_detector:seqcounter|karim_elgammal_counter:counter1                                ; work         ;
;          |karim_elgammal_jkff_Re:j0|             ; 1 (1)             ; 1 (1)        ; 0                 ; 0          ; 0    ; 0            ; |karim_elgammal_wrapper|karim_elgammal_sequence_detector:seqcounter|karim_elgammal_counter:counter1|karim_elgammal_jkff_Re:j0      ; work         ;
;          |karim_elgammal_jkff_Re:j1|             ; 1 (1)             ; 1 (1)        ; 0                 ; 0          ; 0    ; 0            ; |karim_elgammal_wrapper|karim_elgammal_sequence_detector:seqcounter|karim_elgammal_counter:counter1|karim_elgammal_jkff_Re:j1      ; work         ;
;          |karim_elgammal_jkff_Re:j2|             ; 1 (1)             ; 1 (1)        ; 0                 ; 0          ; 0    ; 0            ; |karim_elgammal_wrapper|karim_elgammal_sequence_detector:seqcounter|karim_elgammal_counter:counter1|karim_elgammal_jkff_Re:j2      ; work         ;
;       |karim_elgammal_counter:counter2|          ; 3 (0)             ; 3 (0)        ; 0                 ; 0          ; 0    ; 0            ; |karim_elgammal_wrapper|karim_elgammal_sequence_detector:seqcounter|karim_elgammal_counter:counter2                                ; work         ;
;          |karim_elgammal_jkff_Re:j0|             ; 1 (1)             ; 1 (1)        ; 0                 ; 0          ; 0    ; 0            ; |karim_elgammal_wrapper|karim_elgammal_sequence_detector:seqcounter|karim_elgammal_counter:counter2|karim_elgammal_jkff_Re:j0      ; work         ;
;          |karim_elgammal_jkff_Re:j1|             ; 1 (1)             ; 1 (1)        ; 0                 ; 0          ; 0    ; 0            ; |karim_elgammal_wrapper|karim_elgammal_sequence_detector:seqcounter|karim_elgammal_counter:counter2|karim_elgammal_jkff_Re:j1      ; work         ;
;          |karim_elgammal_jkff_Re:j2|             ; 1 (1)             ; 1 (1)        ; 0                 ; 0          ; 0    ; 0            ; |karim_elgammal_wrapper|karim_elgammal_sequence_detector:seqcounter|karim_elgammal_counter:counter2|karim_elgammal_jkff_Re:j2      ; work         ;
;    |seven_segment_decoder:hexdis0|               ; 7 (7)             ; 0 (0)        ; 0                 ; 0          ; 0    ; 0            ; |karim_elgammal_wrapper|seven_segment_decoder:hexdis0                                                                              ; work         ;
;    |seven_segment_decoder:hexdis5|               ; 7 (7)             ; 0 (0)        ; 0                 ; 0          ; 0    ; 0            ; |karim_elgammal_wrapper|seven_segment_decoder:hexdis5                                                                              ; work         ;
+--------------------------------------------------+-------------------+--------------+-------------------+------------+------+--------------+------------------------------------------------------------------------------------------------------------------------------------+--------------+
Note: For table entries with two numbers listed, the numbers in parentheses indicate the number of resources of the given type used by the specific entity alone. The numbers listed outside of parentheses indicate the total resources of the given type used by the specific entity and all of its sub-entities in the hierarchy.


Encoding Type:  One-Hot
+-----------------------------------------------------------------------------------------------------------------------------------------------------------------+
; State Machine - |karim_elgammal_wrapper|karim_elgammal_sequence_detector:seqcounter|karim_elgammal_FSM:seq_detect|karim_elgammal_miniFSM2:miniFSM2|currentState ;
+-----------------+-----------------+-----------------+-----------------+-----------------+-----------------------------------------------------------------------+
; Name            ; currentState.A4 ; currentState.A3 ; currentState.A2 ; currentState.A1 ; currentState.A0                                                       ;
+-----------------+-----------------+-----------------+-----------------+-----------------+-----------------------------------------------------------------------+
; currentState.A0 ; 0               ; 0               ; 0               ; 0               ; 0                                                                     ;
; currentState.A1 ; 0               ; 0               ; 0               ; 1               ; 1                                                                     ;
; currentState.A2 ; 0               ; 0               ; 1               ; 0               ; 1                                                                     ;
; currentState.A3 ; 0               ; 1               ; 0               ; 0               ; 1                                                                     ;
; currentState.A4 ; 1               ; 0               ; 0               ; 0               ; 1                                                                     ;
+-----------------+-----------------+-----------------+-----------------+-----------------+-----------------------------------------------------------------------+


Encoding Type:  One-Hot
+----------------------------------------------------------------------------------------------------------------------------------------------------------------+
; State Machine - |karim_elgammal_wrapper|karim_elgammal_sequence_detector:seqcounter|karim_elgammal_FSM:seq_detect|karim_elgammal_miniFSM:miniFSM1|currentState ;
+-----------------+-----------------+-----------------+-----------------+-----------------+----------------------------------------------------------------------+
; Name            ; currentState.A4 ; currentState.A3 ; currentState.A2 ; currentState.A1 ; currentState.A0                                                      ;
+-----------------+-----------------+-----------------+-----------------+-----------------+----------------------------------------------------------------------+
; currentState.A0 ; 0               ; 0               ; 0               ; 0               ; 0                                                                    ;
; currentState.A1 ; 0               ; 0               ; 0               ; 1               ; 1                                                                    ;
; currentState.A2 ; 0               ; 0               ; 1               ; 0               ; 1                                                                    ;
; currentState.A3 ; 0               ; 1               ; 0               ; 0               ; 1                                                                    ;
; currentState.A4 ; 1               ; 0               ; 0               ; 0               ; 1                                                                    ;
+-----------------+-----------------+-----------------+-----------------+-----------------+----------------------------------------------------------------------+


+------------------------------------------------------------------------------------------------------------------------------------------------+
; Registers Removed During Synthesis                                                                                                             ;
+---------------------------------------------------------------------------------------------------------------------------+--------------------+
; Register name                                                                                                             ; Reason for Removal ;
+---------------------------------------------------------------------------------------------------------------------------+--------------------+
; karim_elgammal_sequence_detector:seqcounter|karim_elgammal_FSM:seq_detect|karim_elgammal_miniFSM:miniFSM1|currentState.A1 ; Lost fanout        ;
; Total Number of Removed Registers = 1                                                                                     ;                    ;
+---------------------------------------------------------------------------------------------------------------------------+--------------------+


+------------------------------------------------------+
; General Register Statistics                          ;
+----------------------------------------------+-------+
; Statistic                                    ; Value ;
+----------------------------------------------+-------+
; Total registers                              ; 49    ;
; Number of registers using Synchronous Clear  ; 8     ;
; Number of registers using Synchronous Load   ; 0     ;
; Number of registers using Asynchronous Clear ; 49    ;
; Number of registers using Asynchronous Load  ; 0     ;
; Number of registers using Clock Enable       ; 36    ;
; Number of registers using Preset             ; 0     ;
+----------------------------------------------+-------+


+---------------------------------------------------------+
; Inverted Register Statistics                            ;
+-----------------------------------------------+---------+
; Inverted Register                             ; Fan out ;
+-----------------------------------------------+---------+
; karim_elgammal_clock_divider:clk_div|temp[1]  ; 2       ;
; karim_elgammal_clock_divider:clk_div|temp[2]  ; 2       ;
; karim_elgammal_clock_divider:clk_div|temp[3]  ; 2       ;
; karim_elgammal_clock_divider:clk_div|temp[4]  ; 2       ;
; karim_elgammal_clock_divider:clk_div|temp[6]  ; 2       ;
; karim_elgammal_clock_divider:clk_div|temp[5]  ; 2       ;
; karim_elgammal_clock_divider:clk_div|temp[20] ; 2       ;
; karim_elgammal_clock_divider:clk_div|temp[21] ; 2       ;
; karim_elgammal_clock_divider:clk_div|temp[22] ; 2       ;
; karim_elgammal_clock_divider:clk_div|temp[23] ; 2       ;
; karim_elgammal_clock_divider:clk_div|temp[0]  ; 2       ;
; karim_elgammal_clock_divider:clk_div|temp[25] ; 2       ;
; karim_elgammal_clock_divider:clk_div|temp[12] ; 2       ;
; karim_elgammal_clock_divider:clk_div|temp[13] ; 2       ;
; karim_elgammal_clock_divider:clk_div|temp[14] ; 2       ;
; karim_elgammal_clock_divider:clk_div|temp[15] ; 2       ;
; karim_elgammal_clock_divider:clk_div|temp[19] ; 2       ;
; karim_elgammal_clock_divider:clk_div|temp[17] ; 2       ;
; Total number of inverted registers = 18       ;         ;
+-----------------------------------------------+---------+


+-----------------------------------------------------+
; Post-Synthesis Netlist Statistics for Top Partition ;
+-----------------------+-----------------------------+
; Type                  ; Count                       ;
+-----------------------+-----------------------------+
; arriav_ff             ; 49                          ;
;     CLR               ; 13                          ;
;     ENA CLR           ; 28                          ;
;     ENA CLR SCLR      ; 8                           ;
; arriav_lcell_comb     ; 91                          ;
;     arith             ; 33                          ;
;         1 data inputs ; 32                          ;
;         2 data inputs ; 1                           ;
;     normal            ; 58                          ;
;         1 data inputs ; 21                          ;
;         2 data inputs ; 6                           ;
;         3 data inputs ; 17                          ;
;         4 data inputs ; 4                           ;
;         6 data inputs ; 10                          ;
; boundary_port         ; 17                          ;
;                       ;                             ;
; Max LUT depth         ; 4.50                        ;
; Average LUT depth     ; 2.65                        ;
+-----------------------+-----------------------------+


+-------------------------------+
; Elapsed Time Per Partition    ;
+----------------+--------------+
; Partition Name ; Elapsed Time ;
+----------------+--------------+
; Top            ; 00:00:00     ;
+----------------+--------------+


+-------------------------------+
; Analysis & Synthesis Messages ;
+-------------------------------+
Info: *******************************************************************
Info: Running Quartus Prime Analysis & Synthesis
    Info: Version 15.1.0 Build 185 10/21/2015 SJ Standard Edition
    Info: Processing started: Thu Dec 01 22:36:43 2022
Info: Command: quartus_map --read_settings_files=on --write_settings_files=off vhdl5_karim_elgammal -c karim_elgammal_comparator
Info (20030): Parallel compilation is enabled and will use 8 of the 8 processors detected
Info (12021): Found 2 design units, including 1 entities, in source file karim_elgammal_comparator.vhd
    Info (12022): Found design unit 1: karim_elgammal_comparator-beh File: H:/vhdl5_karim_elgammal/karim_elgammal_comparator.vhd Line: 16
    Info (12023): Found entity 1: karim_elgammal_comparator File: H:/vhdl5_karim_elgammal/karim_elgammal_comparator.vhd Line: 6
Info (12021): Found 2 design units, including 1 entities, in source file karim_elgammal_jkff.vhd
    Info (12022): Found design unit 1: karim_elgammal_jkff-beh File: H:/vhdl5_karim_elgammal/karim_elgammal_jkff.vhd Line: 13
    Info (12023): Found entity 1: karim_elgammal_jkff File: H:/vhdl5_karim_elgammal/karim_elgammal_jkff.vhd Line: 5
Info (12021): Found 4 design units, including 2 entities, in source file karim_elgammal_counter.vhd
    Info (12022): Found design unit 1: karim_elgammal_jkff_Re-beh File: H:/vhdl5_karim_elgammal/karim_elgammal_counter.vhd Line: 13
    Info (12022): Found design unit 2: karim_elgammal_counter-struct File: H:/vhdl5_karim_elgammal/karim_elgammal_counter.vhd Line: 55
    Info (12023): Found entity 1: karim_elgammal_jkff_Re File: H:/vhdl5_karim_elgammal/karim_elgammal_counter.vhd Line: 5
    Info (12023): Found entity 2: karim_elgammal_counter File: H:/vhdl5_karim_elgammal/karim_elgammal_counter.vhd Line: 47
Info (12021): Found 2 design units, including 1 entities, in source file karim_elgammal_clock_divider.vhd
    Info (12022): Found design unit 1: karim_elgammal_clock_divider-beh File: H:/vhdl5_karim_elgammal/karim_elgammal_clock_divider.vhd Line: 12
    Info (12023): Found entity 1: karim_elgammal_clock_divider File: H:/vhdl5_karim_elgammal/karim_elgammal_clock_divider.vhd Line: 5
Info (12021): Found 4 design units, including 2 entities, in source file karim_elgammal_wrapper.vhd
    Info (12022): Found design unit 1: seven_segment_decoder-beh File: H:/vhdl5_karim_elgammal/karim_elgammal_wrapper.vhd Line: 10
    Info (12022): Found design unit 2: karim_elgammal_wrapper-struct File: H:/vhdl5_karim_elgammal/karim_elgammal_wrapper.vhd Line: 40
    Info (12023): Found entity 1: seven_segment_decoder File: H:/vhdl5_karim_elgammal/karim_elgammal_wrapper.vhd Line: 5
    Info (12023): Found entity 2: karim_elgammal_wrapper File: H:/vhdl5_karim_elgammal/karim_elgammal_wrapper.vhd Line: 31
Info (12021): Found 2 design units, including 1 entities, in source file karim_elgammal_minifsm.vhd
    Info (12022): Found design unit 1: karim_elgammal_miniFSM-beh File: H:/vhdl5_karim_elgammal/karim_elgammal_miniFSM.vhd Line: 13
    Info (12023): Found entity 1: karim_elgammal_miniFSM File: H:/vhdl5_karim_elgammal/karim_elgammal_miniFSM.vhd Line: 5
Info (12021): Found 2 design units, including 1 entities, in source file karim_elgammal_minifsm2.vhd
    Info (12022): Found design unit 1: karim_elgammal_miniFSM2-beh File: H:/vhdl5_karim_elgammal/karim_elgammal_miniFSM2.vhd Line: 13
    Info (12023): Found entity 1: karim_elgammal_miniFSM2 File: H:/vhdl5_karim_elgammal/karim_elgammal_miniFSM2.vhd Line: 5
Info (12021): Found 2 design units, including 1 entities, in source file karim_elgammal_fsm.vhd
    Info (12022): Found design unit 1: karim_elgammal_FSM-beh File: H:/vhdl5_karim_elgammal/karim_elgammal_FSM.vhd Line: 14
    Info (12023): Found entity 1: karim_elgammal_FSM File: H:/vhdl5_karim_elgammal/karim_elgammal_FSM.vhd Line: 5
Info (12021): Found 2 design units, including 1 entities, in source file karim_elgammal_sequence_detector.vhd
    Info (12022): Found design unit 1: karim_elgammal_sequence_detector-beh File: H:/vhdl5_karim_elgammal/karim_elgammal_sequence_detector.vhd Line: 14
    Info (12023): Found entity 1: karim_elgammal_sequence_detector File: H:/vhdl5_karim_elgammal/karim_elgammal_sequence_detector.vhd Line: 5
Info (12021): Found 2 design units, including 1 entities, in source file rom.vhd
    Info (12022): Found design unit 1: ROM-arch File: H:/vhdl5_karim_elgammal/ROM.vhd Line: 13
    Info (12023): Found entity 1: ROM File: H:/vhdl5_karim_elgammal/ROM.vhd Line: 5
Info (12127): Elaborating entity "karim_elgammal_wrapper" for the top level hierarchy
Info (12128): Elaborating entity "karim_elgammal_clock_divider" for hierarchy "karim_elgammal_clock_divider:clk_div" File: H:/vhdl5_karim_elgammal/karim_elgammal_wrapper.vhd Line: 79
Info (12128): Elaborating entity "ROM" for hierarchy "ROM:seqgen" File: H:/vhdl5_karim_elgammal/karim_elgammal_wrapper.vhd Line: 84
Warning (10540): VHDL Signal Declaration warning at ROM.vhd(18): used explicit default value for signal "sevenSegment_ROM" because signal was never assigned a value File: H:/vhdl5_karim_elgammal/ROM.vhd Line: 18
Info (12128): Elaborating entity "karim_elgammal_sequence_detector" for hierarchy "karim_elgammal_sequence_detector:seqcounter" File: H:/vhdl5_karim_elgammal/karim_elgammal_wrapper.vhd Line: 88
Info (12128): Elaborating entity "karim_elgammal_FSM" for hierarchy "karim_elgammal_sequence_detector:seqcounter|karim_elgammal_FSM:seq_detect" File: H:/vhdl5_karim_elgammal/karim_elgammal_sequence_detector.vhd Line: 37
Info (12128): Elaborating entity "karim_elgammal_miniFSM" for hierarchy "karim_elgammal_sequence_detector:seqcounter|karim_elgammal_FSM:seq_detect|karim_elgammal_miniFSM:miniFSM1" File: H:/vhdl5_karim_elgammal/karim_elgammal_FSM.vhd Line: 34
Info (12128): Elaborating entity "karim_elgammal_miniFSM2" for hierarchy "karim_elgammal_sequence_detector:seqcounter|karim_elgammal_FSM:seq_detect|karim_elgammal_miniFSM2:miniFSM2" File: H:/vhdl5_karim_elgammal/karim_elgammal_FSM.vhd Line: 40
Info (12128): Elaborating entity "karim_elgammal_counter" for hierarchy "karim_elgammal_sequence_detector:seqcounter|karim_elgammal_counter:counter1" File: H:/vhdl5_karim_elgammal/karim_elgammal_sequence_detector.vhd Line: 44
Info (12128): Elaborating entity "karim_elgammal_jkff_Re" for hierarchy "karim_elgammal_sequence_detector:seqcounter|karim_elgammal_counter:counter1|karim_elgammal_jkff_Re:j0" File: H:/vhdl5_karim_elgammal/karim_elgammal_counter.vhd Line: 68
Info (12128): Elaborating entity "seven_segment_decoder" for hierarchy "seven_segment_decoder:hexdis0" File: H:/vhdl5_karim_elgammal/karim_elgammal_wrapper.vhd Line: 95
Info (286030): Timing-Driven Synthesis is running
Critical Warning (18061): Ignored Power-Up Level option on the following registers
    Critical Warning (18010): Register ROM:seqgen|cnt[0] will power up to Low File: H:/vhdl5_karim_elgammal/ROM.vhd Line: 278
    Critical Warning (18010): Register ROM:seqgen|cnt[7] will power up to Low File: H:/vhdl5_karim_elgammal/ROM.vhd Line: 278
    Critical Warning (18010): Register ROM:seqgen|cnt[2] will power up to Low File: H:/vhdl5_karim_elgammal/ROM.vhd Line: 278
    Critical Warning (18010): Register ROM:seqgen|cnt[6] will power up to Low File: H:/vhdl5_karim_elgammal/ROM.vhd Line: 278
    Critical Warning (18010): Register ROM:seqgen|cnt[4] will power up to Low File: H:/vhdl5_karim_elgammal/ROM.vhd Line: 278
    Critical Warning (18010): Register ROM:seqgen|cnt[5] will power up to Low File: H:/vhdl5_karim_elgammal/ROM.vhd Line: 278
    Critical Warning (18010): Register ROM:seqgen|cnt[3] will power up to Low File: H:/vhdl5_karim_elgammal/ROM.vhd Line: 278
    Critical Warning (18010): Register ROM:seqgen|cnt[1] will power up to Low File: H:/vhdl5_karim_elgammal/ROM.vhd Line: 278
Info (17049): 1 registers lost all their fanouts during netlist optimizations.
Info (16010): Generating hard_block partition "hard_block:auto_generated_inst"
    Info (16011): Adding 0 node(s), including 0 DDIO, 0 PLL, 0 transceiver and 0 LCELL
Info (21057): Implemented 108 device resources after synthesis - the final resource count might be different
    Info (21058): Implemented 3 input pins
    Info (21059): Implemented 14 output pins
    Info (21061): Implemented 91 logic cells
Info: Quartus Prime Analysis & Synthesis was successful. 0 errors, 10 warnings
    Info: Peak virtual memory: 5087 megabytes
    Info: Processing ended: Thu Dec 01 22:37:10 2022
    Info: Elapsed time: 00:00:27
    Info: Total CPU time (on all processors): 00:00:17


