Flow report for karim_elgammal_lab3
Wed Oct 20 18:24:18 2021
Quartus Prime Version 16.1.0 Build 196 10/24/2016 SJ Lite Edition


---------------------
; Table of Contents ;
---------------------
  1. Legal Notice
  2. Flow Summary
  3. Flow Settings
  4. Flow Non-Default Global Settings
  5. Flow Elapsed Time
  6. Flow OS Summary
  7. Flow Log
  8. Flow Messages
  9. Flow Suppressed Messages



----------------
; Legal Notice ;
----------------
Copyright (C) 2016  Intel Corporation. All rights reserved.
Your use of Intel Corporation's design tools, logic functions 
and other software and tools, and its AMPP partner logic 
functions, and any output files from any of the foregoing 
(including device programming or simulation files), and any 
associated documentation or information are expressly subject 
to the terms and conditions of the Intel Program License 
Subscription Agreement, the Intel Quartus Prime License Agreement,
the Intel MegaCore Function License Agreement, or other 
applicable license agreement, including, without limitation, 
that your use is for the sole purpose of programming logic 
devices manufactured by Intel and sold by Intel or its 
authorized distributors.  Please refer to the applicable 
agreement for further details.



+-------------------------------------------------------------------------------+
; Flow Summary                                                                  ;
+---------------------------------+---------------------------------------------+
; Flow Status                     ; Successful - Wed Oct 20 18:24:18 2021       ;
; Quartus Prime Version           ; 16.1.0 Build 196 10/24/2016 SJ Lite Edition ;
; Revision Name                   ; karim_elgammal_lab3                         ;
; Top-level Entity Name           ; bcd_adder_behavioral                        ;
; Family                          ; Cyclone V                                   ;
; Device                          ; 5CSEMA5F31C6                                ;
; Timing Models                   ; Final                                       ;
; Logic utilization (in ALMs)     ; 5 / 32,070 ( < 1 % )                        ;
; Total registers                 ; 0                                           ;
; Total pins                      ; 13 / 457 ( 3 % )                            ;
; Total virtual pins              ; 0                                           ;
; Total block memory bits         ; 0 / 4,065,280 ( 0 % )                       ;
; Total DSP Blocks                ; 0 / 87 ( 0 % )                              ;
; Total HSSI RX PCSs              ; 0                                           ;
; Total HSSI PMA RX Deserializers ; 0                                           ;
; Total HSSI TX PCSs              ; 0                                           ;
; Total HSSI PMA TX Serializers   ; 0                                           ;
; Total PLLs                      ; 0 / 6 ( 0 % )                               ;
; Total DLLs                      ; 0 / 4 ( 0 % )                               ;
+---------------------------------+---------------------------------------------+


+-----------------------------------------+
; Flow Settings                           ;
+-------------------+---------------------+
; Option            ; Setting             ;
+-------------------+---------------------+
; Start date & time ; 10/20/2021 18:22:17 ;
; Main task         ; Compilation         ;
; Revision Name     ; karim_elgammal_lab3 ;
+-------------------+---------------------+


+--------------------------------------------------------------------------------------------------------------------------------------------+
; Flow Non-Default Global Settings                                                                                                           ;
+-------------------------------------+----------------------------------------+---------------------+----------------------+----------------+
; Assignment Name                     ; Value                                  ; Default Value       ; Entity Name          ; Section Id     ;
+-------------------------------------+----------------------------------------+---------------------+----------------------+----------------+
; COMPILER_SIGNATURE_ID               ; 123926586546340.163476853714204        ; --                  ; --                   ; --             ;
; EDA_OUTPUT_DATA_FORMAT              ; Vhdl                                   ; --                  ; --                   ; eda_simulation ;
; EDA_SIMULATION_TOOL                 ; ModelSim-Altera (VHDL)                 ; <None>              ; --                   ; --             ;
; EDA_TIME_SCALE                      ; 1 ps                                   ; --                  ; --                   ; eda_simulation ;
; MAX_CORE_JUNCTION_TEMP              ; 85                                     ; --                  ; --                   ; --             ;
; MIN_CORE_JUNCTION_TEMP              ; 0                                      ; --                  ; --                   ; --             ;
; PARTITION_COLOR                     ; -- (Not supported for targeted family) ; --                  ; bcd_adder_behavioral ; Top            ;
; PARTITION_FITTER_PRESERVATION_LEVEL ; -- (Not supported for targeted family) ; --                  ; bcd_adder_behavioral ; Top            ;
; PARTITION_NETLIST_TYPE              ; -- (Not supported for targeted family) ; --                  ; bcd_adder_behavioral ; Top            ;
; POWER_BOARD_THERMAL_MODEL           ; None (CONSERVATIVE)                    ; --                  ; --                   ; --             ;
; POWER_PRESET_COOLING_SOLUTION       ; 23 MM HEAT SINK WITH 200 LFPM AIRFLOW  ; --                  ; --                   ; --             ;
; PROJECT_OUTPUT_DIRECTORY            ; output_files                           ; --                  ; --                   ; --             ;
; TOP_LEVEL_ENTITY                    ; bcd_adder_behavioral                   ; karim_elgammal_lab3 ; --                   ; --             ;
+-------------------------------------+----------------------------------------+---------------------+----------------------+----------------+


+-------------------------------------------------------------------------------------------------------------------------------+
; Flow Elapsed Time                                                                                                             ;
+---------------------------+--------------+-------------------------+---------------------+------------------------------------+
; Module Name               ; Elapsed Time ; Average Processors Used ; Peak Virtual Memory ; Total CPU Time (on all processors) ;
+---------------------------+--------------+-------------------------+---------------------+------------------------------------+
; Analysis & Synthesis      ; 00:00:25     ; 1.0                     ; 4884 MB             ; 00:00:17                           ;
; Fitter                    ; 00:00:41     ; 1.0                     ; 7042 MB             ; 00:01:01                           ;
; Assembler                 ; 00:00:24     ; 1.0                     ; 4844 MB             ; 00:00:05                           ;
; TimeQuest Timing Analyzer ; 00:00:23     ; 1.0                     ; 5198 MB             ; 00:00:04                           ;
; EDA Netlist Writer        ; 00:00:18     ; 1.0                     ; 4751 MB             ; 00:00:01                           ;
; Total                     ; 00:02:11     ; --                      ; --                  ; 00:01:28                           ;
+---------------------------+--------------+-------------------------+---------------------+------------------------------------+


+-----------------------------------------------------------------------------------------+
; Flow OS Summary                                                                         ;
+---------------------------+------------------+------------+------------+----------------+
; Module Name               ; Machine Hostname ; OS Name    ; OS Version ; Processor type ;
+---------------------------+------------------+------------+------------+----------------+
; Analysis & Synthesis      ; 156TR4060-03     ; Windows 10 ; 10.0       ; x86_64         ;
; Fitter                    ; 156TR4060-03     ; Windows 10 ; 10.0       ; x86_64         ;
; Assembler                 ; 156TR4060-03     ; Windows 10 ; 10.0       ; x86_64         ;
; TimeQuest Timing Analyzer ; 156TR4060-03     ; Windows 10 ; 10.0       ; x86_64         ;
; EDA Netlist Writer        ; 156TR4060-03     ; Windows 10 ; 10.0       ; x86_64         ;
+---------------------------+------------------+------------+------------+----------------+


------------
; Flow Log ;
------------
quartus_map --read_settings_files=on --write_settings_files=off karim_elgammal_lab3 -c karim_elgammal_lab3
quartus_fit --read_settings_files=off --write_settings_files=off karim_elgammal_lab3 -c karim_elgammal_lab3
quartus_asm --read_settings_files=off --write_settings_files=off karim_elgammal_lab3 -c karim_elgammal_lab3
quartus_sta karim_elgammal_lab3 -c karim_elgammal_lab3
quartus_eda --read_settings_files=off --write_settings_files=off karim_elgammal_lab3 -c karim_elgammal_lab3



