Flow report for karim_elgammal_vdhl1
Fri Sep 23 18:51:02 2022
Quartus Prime Version 15.1.0 Build 185 10/21/2015 SJ Standard Edition


---------------------
; Table of Contents ;
---------------------
  1. Legal Notice
  2. Flow Summary
  3. Flow Settings
  4. Flow Non-Default Global Settings
  5. Flow Elapsed Time
  6. Flow OS Summary
  7. Flow Log
  8. Flow Messages
  9. Flow Suppressed Messages



----------------
; Legal Notice ;
----------------
Copyright (C) 1991-2015 Altera Corporation. All rights reserved.
Your use of Altera Corporation's design tools, logic functions 
and other software and tools, and its AMPP partner logic 
functions, and any output files from any of the foregoing 
(including device programming or simulation files), and any 
associated documentation or information are expressly subject 
to the terms and conditions of the Altera Program License 
Subscription Agreement, the Altera Quartus Prime License Agreement,
the Altera MegaCore Function License Agreement, or other 
applicable license agreement, including, without limitation, 
that your use is for the sole purpose of programming logic 
devices manufactured by Altera and sold by Altera or its 
authorized distributors.  Please refer to the applicable 
agreement for further details.



+-----------------------------------------------------------------------------------+
; Flow Summary                                                                      ;
+---------------------------------+-------------------------------------------------+
; Flow Status                     ; Successful - Fri Sep 23 18:51:02 2022           ;
; Quartus Prime Version           ; 15.1.0 Build 185 10/21/2015 SJ Standard Edition ;
; Revision Name                   ; karim_elgammal_vdhl1                            ;
; Top-level Entity Name           ; karim_elgammal_MUX_behavioral                   ;
; Family                          ; Cyclone V                                       ;
; Device                          ; 5CSEMA5F31C6                                    ;
; Timing Models                   ; Final                                           ;
; Logic utilization (in ALMs)     ; 1 / 32,070 ( < 1 % )                            ;
; Total registers                 ; 0                                               ;
; Total pins                      ; 4 / 457 ( < 1 % )                               ;
; Total virtual pins              ; 0                                               ;
; Total block memory bits         ; 0 / 4,065,280 ( 0 % )                           ;
; Total DSP Blocks                ; 0 / 87 ( 0 % )                                  ;
; Total HSSI RX PCSs              ; 0                                               ;
; Total HSSI PMA RX Deserializers ; 0                                               ;
; Total HSSI TX PCSs              ; 0                                               ;
; Total HSSI PMA TX Serializers   ; 0                                               ;
; Total PLLs                      ; 0 / 6 ( 0 % )                                   ;
; Total DLLs                      ; 0 / 4 ( 0 % )                                   ;
+---------------------------------+-------------------------------------------------+


+------------------------------------------+
; Flow Settings                            ;
+-------------------+----------------------+
; Option            ; Setting              ;
+-------------------+----------------------+
; Start date & time ; 09/23/2022 18:49:56  ;
; Main task         ; Compilation          ;
; Revision Name     ; karim_elgammal_vdhl1 ;
+-------------------+----------------------+


+---------------------------------------------------------------------------------------------------------------------------------------------------------+
; Flow Non-Default Global Settings                                                                                                                        ;
+--------------------------------------+---------------------------------------+----------------------+-------------------------------+-------------------+
; Assignment Name                      ; Value                                 ; Default Value        ; Entity Name                   ; Section Id        ;
+--------------------------------------+---------------------------------------+----------------------+-------------------------------+-------------------+
; COMPILER_SIGNATURE_ID                ; 123926586546853.166397339612828       ; --                   ; --                            ; --                ;
; EDA_DESIGN_INSTANCE_NAME             ; NA                                    ; --                   ; --                            ; or_gate_testbench ;
; EDA_NATIVELINK_SIMULATION_TEST_BENCH ; or_gate_testbench                     ; --                   ; --                            ; eda_simulation    ;
; EDA_OUTPUT_DATA_FORMAT               ; Vhdl                                  ; --                   ; --                            ; eda_simulation    ;
; EDA_SIMULATION_TOOL                  ; ModelSim-Altera (VHDL)                ; <None>               ; --                            ; --                ;
; EDA_TEST_BENCH_ENABLE_STATUS         ; TEST_BENCH_MODE                       ; --                   ; --                            ; eda_simulation    ;
; EDA_TEST_BENCH_FILE                  ; or_gate_testbench.vhd                 ; --                   ; --                            ; or_gate_testbench ;
; EDA_TEST_BENCH_MODULE_NAME           ; or_gate_testbench                     ; --                   ; --                            ; or_gate_testbench ;
; EDA_TEST_BENCH_NAME                  ; or_gate_testbench                     ; --                   ; --                            ; eda_simulation    ;
; MAX_CORE_JUNCTION_TEMP               ; 85                                    ; --                   ; --                            ; --                ;
; MIN_CORE_JUNCTION_TEMP               ; 0                                     ; --                   ; --                            ; --                ;
; PARTITION_COLOR                      ; 16764057                              ; --                   ; karim_elgammal_MUX_behavioral ; Top               ;
; PARTITION_FITTER_PRESERVATION_LEVEL  ; PLACEMENT_AND_ROUTING                 ; --                   ; karim_elgammal_MUX_behavioral ; Top               ;
; PARTITION_NETLIST_TYPE               ; SOURCE                                ; --                   ; karim_elgammal_MUX_behavioral ; Top               ;
; POWER_BOARD_THERMAL_MODEL            ; None (CONSERVATIVE)                   ; --                   ; --                            ; --                ;
; POWER_PRESET_COOLING_SOLUTION        ; 23 MM HEAT SINK WITH 200 LFPM AIRFLOW ; --                   ; --                            ; --                ;
; PROJECT_OUTPUT_DIRECTORY             ; output_files                          ; --                   ; --                            ; --                ;
; TOP_LEVEL_ENTITY                     ; karim_elgammal_MUX_behavioral         ; karim_elgammal_vdhl1 ; --                            ; --                ;
+--------------------------------------+---------------------------------------+----------------------+-------------------------------+-------------------+


+--------------------------------------------------------------------------------------------------------------------------+
; Flow Elapsed Time                                                                                                        ;
+----------------------+--------------+-------------------------+---------------------+------------------------------------+
; Module Name          ; Elapsed Time ; Average Processors Used ; Peak Virtual Memory ; Total CPU Time (on all processors) ;
+----------------------+--------------+-------------------------+---------------------+------------------------------------+
; Analysis & Synthesis ; 00:00:24     ; 1.0                     ; 5062 MB             ; 00:00:16                           ;
; Fitter               ; 00:00:54     ; 1.0                     ; 7170 MB             ; 00:02:34                           ;
; Total                ; 00:01:18     ; --                      ; --                  ; 00:02:50                           ;
+----------------------+--------------+-------------------------+---------------------+------------------------------------+


+-----------------------------------------------------------------------------------+
; Flow OS Summary                                                                   ;
+----------------------+------------------+-----------+------------+----------------+
; Module Name          ; Machine Hostname ; OS Name   ; OS Version ; Processor type ;
+----------------------+------------------+-----------+------------+----------------+
; Analysis & Synthesis ; 156TR4060-17     ; Windows 8 ; 6.2        ; x86_64         ;
; Fitter               ; 156TR4060-17     ; Windows 8 ; 6.2        ; x86_64         ;
+----------------------+------------------+-----------+------------+----------------+


------------
; Flow Log ;
------------
quartus_map --read_settings_files=on --write_settings_files=off karim_elgammal_vdhl1 -c karim_elgammal_vdhl1
quartus_fit --read_settings_files=off --write_settings_files=off karim_elgammal_vdhl1 -c karim_elgammal_vdhl1



